================================================================================
Appcelerator Titanium Diagnostics Build Log
The contents of this file are useful to send to Appcelerator Support if
reporting an issue to help us understand your environment, build settings
and aid in debugging. Please attach this log to any issue that you report.
================================================================================

Starting build at 02/18/13 19:40

Build details:

   timestamp=11/09/12 12:46
   module_apiversion=2
   version=2.1.4
   githash=51f2c64


Script arguments:
   /Users/pushjaw/Library/Application Support/Titanium/mobilesdk/osx/2.1.4.GA/iphone/builder.py
   simulator
   6.1
   /Users/pushjaw/Documents/Titanium_Studio_Workspace/AROMA ESPRESSO BAR
   com.pushjaw.aroma
   AROMA ESPRESSO BAR
   universal
   iphone

Building from: /Users/pushjaw/Library/Application Support/Titanium/mobilesdk/osx/2.1.4.GA/iphone
Platform: Darwin Kernel Version 12.2.0: Sat Aug 25 00:48:52 PDT 2012; root:xnu-2050.18.24~1/RELEASE_X86_64

Xcode path is: /Applications/Xcode.app/Contents/Developer


githash=51f2c64, existing_git_hash=51f2c64
writing contents of /Users/pushjaw/Documents/Titanium_Studio_Workspace/AROMA ESPRESSO BAR/build/iphone/project.xcconfig:

TI_VERSION=2.1.4.GA
TI_SDK_DIR=/Users/pushjaw/Library/Application Support/Titanium/mobilesdk/osx/$(TI_VERSION)/iphone
TI_APPID=com.pushjaw.aroma
OTHER_LDFLAGS[sdk=iphoneos*]=$(inherited) -weak_framework iAd
OTHER_LDFLAGS[sdk=iphonesimulator*]=$(inherited) -weak_framework iAd
#include "module"

old contents


Generated the following stylecode code:

<?xml version="1.0" encoding="UTF-8"?>
<!DOCTYPE plist PUBLIC "-//Apple//DTD PLIST 1.0//EN" "http://www.apple.com/DTDs/PropertyList-1.0.dtd">
<plist version="1.0">
	<dict>
		<key>classes</key>
		<dict>
</dict>

		<key>classes_density</key>
		<dict>
</dict>

		<key>ids</key>
		<dict>
</dict>

		<key>ids_density</key>
		<dict>
</dict>

		<key>tags</key>
		<dict>
</dict>

		<key>tags_density</key>
		<dict>
</dict>

	</dict>
</plist>
Finishing build
