Logfile initialized
[INFO] logfile = /Users/pushjaw/Documents/Titanium_Studio_Workspace/AROMA ESPRESSO BAR/build.log
[DEBUG] /Users/pushjaw/Library/Application Support/Titanium/mobilesdk/osx/2.1.4.GA/android/builder.py simulator AROMA ESPRESSO BAR /Users/pushjaw/Documents/android-sdk /Users/pushjaw/Documents/Titanium_Studio_Workspace/AROMA ESPRESSO BAR com.pushjaw.aroma 19 WVGA854 
[INFO] Building AROMA ESPRESSO BAR for Android ... one moment
[INFO] Titanium SDK version: 2.1.4 (11/09/12 12:46 51f2c64)
[DEBUG] Waiting for device to be ready ...
[TRACE] adb devices returned 1 devices/emulators
[TRACE] adb devices returned 1 devices/emulators
[TRACE] adb devices returned 1 devices/emulators
[TRACE] adb devices returned 1 devices/emulators
[DEBUG] Device connected... (waited 15 seconds)
[DEBUG] waited 15.379447 seconds on emulator to get ready
[INFO] Waiting for the Android Emulator to become available
[DEBUG] com.pushjaw.aroma installed? True
[INFO] Copying CommonJS modules...
[INFO] Copying project resources..
[TRACE] COPYING MODIFIED FILE: /Users/pushjaw/Documents/Titanium_Studio_Workspace/AROMA ESPRESSO BAR/Resources/ui/common/HTTPClient.js => /Users/pushjaw/Documents/Titanium_Studio_Workspace/AROMA ESPRESSO BAR/build/android/bin/assets/Resources/ui/common/HTTPClient.js
[TRACE] COPYING MODIFIED FILE: /Users/pushjaw/Documents/Titanium_Studio_Workspace/AROMA ESPRESSO BAR/Resources/ui/common/Login.js => /Users/pushjaw/Documents/Titanium_Studio_Workspace/AROMA ESPRESSO BAR/build/android/bin/assets/Resources/ui/common/Login.js
[TRACE] Generating Java Classes
[DEBUG] Processing Android resource drawables
[DEBUG] found special platform files dir = /Users/pushjaw/Documents/Titanium_Studio_Workspace/AROMA ESPRESSO BAR/platform/android
[INFO] Copying platform-specific files ...
[DEBUG] copying app icon: /Users/pushjaw/Documents/Titanium_Studio_Workspace/AROMA ESPRESSO BAR/build/android/bin/assets/Resources/appicon.png
[DEBUG] found drawable-long-land-hdpi splash screen at /Users/pushjaw/Documents/Titanium_Studio_Workspace/AROMA ESPRESSO BAR/Resources/android/images/res-long-land-hdpi/default.png
[DEBUG] copying /Users/pushjaw/Documents/Titanium_Studio_Workspace/AROMA ESPRESSO BAR/Resources/android/images/res-long-land-hdpi/default.png splash screen to /Users/pushjaw/Documents/Titanium_Studio_Workspace/AROMA ESPRESSO BAR/build/android/res/drawable-long-land-hdpi/background.png
[DEBUG] found drawable-long-land-ldpi splash screen at /Users/pushjaw/Documents/Titanium_Studio_Workspace/AROMA ESPRESSO BAR/Resources/android/images/res-long-land-ldpi/default.png
[DEBUG] copying /Users/pushjaw/Documents/Titanium_Studio_Workspace/AROMA ESPRESSO BAR/Resources/android/images/res-long-land-ldpi/default.png splash screen to /Users/pushjaw/Documents/Titanium_Studio_Workspace/AROMA ESPRESSO BAR/build/android/res/drawable-long-land-ldpi/background.png
[DEBUG] found drawable-long-port-hdpi splash screen at /Users/pushjaw/Documents/Titanium_Studio_Workspace/AROMA ESPRESSO BAR/Resources/android/images/res-long-port-hdpi/default.png
[DEBUG] copying /Users/pushjaw/Documents/Titanium_Studio_Workspace/AROMA ESPRESSO BAR/Resources/android/images/res-long-port-hdpi/default.png splash screen to /Users/pushjaw/Documents/Titanium_Studio_Workspace/AROMA ESPRESSO BAR/build/android/res/drawable-long-port-hdpi/background.png
[DEBUG] found drawable-long-port-ldpi splash screen at /Users/pushjaw/Documents/Titanium_Studio_Workspace/AROMA ESPRESSO BAR/Resources/android/images/res-long-port-ldpi/default.png
[DEBUG] copying /Users/pushjaw/Documents/Titanium_Studio_Workspace/AROMA ESPRESSO BAR/Resources/android/images/res-long-port-ldpi/default.png splash screen to /Users/pushjaw/Documents/Titanium_Studio_Workspace/AROMA ESPRESSO BAR/build/android/res/drawable-long-port-ldpi/background.png
[DEBUG] found drawable-notlong-land-hdpi splash screen at /Users/pushjaw/Documents/Titanium_Studio_Workspace/AROMA ESPRESSO BAR/Resources/android/images/res-notlong-land-hdpi/default.png
[DEBUG] copying /Users/pushjaw/Documents/Titanium_Studio_Workspace/AROMA ESPRESSO BAR/Resources/android/images/res-notlong-land-hdpi/default.png splash screen to /Users/pushjaw/Documents/Titanium_Studio_Workspace/AROMA ESPRESSO BAR/build/android/res/drawable-notlong-land-hdpi/background.png
[DEBUG] found drawable-notlong-land-ldpi splash screen at /Users/pushjaw/Documents/Titanium_Studio_Workspace/AROMA ESPRESSO BAR/Resources/android/images/res-notlong-land-ldpi/default.png
[DEBUG] copying /Users/pushjaw/Documents/Titanium_Studio_Workspace/AROMA ESPRESSO BAR/Resources/android/images/res-notlong-land-ldpi/default.png splash screen to /Users/pushjaw/Documents/Titanium_Studio_Workspace/AROMA ESPRESSO BAR/build/android/res/drawable-notlong-land-ldpi/background.png
[DEBUG] found drawable-notlong-land-mdpi splash screen at /Users/pushjaw/Documents/Titanium_Studio_Workspace/AROMA ESPRESSO BAR/Resources/android/images/res-notlong-land-mdpi/default.png
[DEBUG] copying /Users/pushjaw/Documents/Titanium_Studio_Workspace/AROMA ESPRESSO BAR/Resources/android/images/res-notlong-land-mdpi/default.png splash screen to /Users/pushjaw/Documents/Titanium_Studio_Workspace/AROMA ESPRESSO BAR/build/android/res/drawable-notlong-land-mdpi/background.png
[DEBUG] found drawable-notlong-port-hdpi splash screen at /Users/pushjaw/Documents/Titanium_Studio_Workspace/AROMA ESPRESSO BAR/Resources/android/images/res-notlong-port-hdpi/default.png
[DEBUG] copying /Users/pushjaw/Documents/Titanium_Studio_Workspace/AROMA ESPRESSO BAR/Resources/android/images/res-notlong-port-hdpi/default.png splash screen to /Users/pushjaw/Documents/Titanium_Studio_Workspace/AROMA ESPRESSO BAR/build/android/res/drawable-notlong-port-hdpi/background.png
[DEBUG] found drawable-notlong-port-ldpi splash screen at /Users/pushjaw/Documents/Titanium_Studio_Workspace/AROMA ESPRESSO BAR/Resources/android/images/res-notlong-port-ldpi/default.png
[DEBUG] copying /Users/pushjaw/Documents/Titanium_Studio_Workspace/AROMA ESPRESSO BAR/Resources/android/images/res-notlong-port-ldpi/default.png splash screen to /Users/pushjaw/Documents/Titanium_Studio_Workspace/AROMA ESPRESSO BAR/build/android/res/drawable-notlong-port-ldpi/background.png
[DEBUG] found drawable-notlong-port-mdpi splash screen at /Users/pushjaw/Documents/Titanium_Studio_Workspace/AROMA ESPRESSO BAR/Resources/android/images/res-notlong-port-mdpi/default.png
[DEBUG] copying /Users/pushjaw/Documents/Titanium_Studio_Workspace/AROMA ESPRESSO BAR/Resources/android/images/res-notlong-port-mdpi/default.png splash screen to /Users/pushjaw/Documents/Titanium_Studio_Workspace/AROMA ESPRESSO BAR/build/android/res/drawable-notlong-port-mdpi/background.png
[DEBUG] found splash screen at /Users/pushjaw/Documents/Titanium_Studio_Workspace/AROMA ESPRESSO BAR/build/android/bin/assets/Resources/default.png
[TRACE] Writing out AndroidManifest.xml
[DEBUG] adding /Users/pushjaw/Documents/Titanium_Studio_Workspace/AROMA ESPRESSO BAR/build/android/gen/com/pushjaw/aroma/AromaEspressoBarActivity.java to javac build list
[DEBUG] adding /Users/pushjaw/Documents/Titanium_Studio_Workspace/AROMA ESPRESSO BAR/build/android/gen/com/pushjaw/aroma/AromaEspressoBarAppInfo.java to javac build list
[DEBUG] adding /Users/pushjaw/Documents/Titanium_Studio_Workspace/AROMA ESPRESSO BAR/build/android/gen/com/pushjaw/aroma/AromaEspressoBarApplication.java to javac build list
[DEBUG] adding /Users/pushjaw/Documents/Titanium_Studio_Workspace/AROMA ESPRESSO BAR/build/android/gen/com/pushjaw/aroma/Manifest.java to javac build list
[DEBUG] adding /Users/pushjaw/Documents/Titanium_Studio_Workspace/AROMA ESPRESSO BAR/build/android/gen/com/pushjaw/aroma/R.java to javac build list
[DEBUG] Building Java Sources: "/Users/pushjaw/Documents/Titanium_Studio_Workspace/AROMA ESPRESSO BAR/build/android/gen/com/pushjaw/aroma/AromaEspressoBarActivity.java" "/Users/pushjaw/Documents/Titanium_Studio_Workspace/AROMA ESPRESSO BAR/build/android/gen/com/pushjaw/aroma/AromaEspressoBarAppInfo.java" "/Users/pushjaw/Documents/Titanium_Studio_Workspace/AROMA ESPRESSO BAR/build/android/gen/com/pushjaw/aroma/AromaEspressoBarApplication.java" "/Users/pushjaw/Documents/Titanium_Studio_Workspace/AROMA ESPRESSO BAR/build/android/gen/com/pushjaw/aroma/Manifest.java" "/Users/pushjaw/Documents/Titanium_Studio_Workspace/AROMA ESPRESSO BAR/build/android/gen/com/pushjaw/aroma/R.java"
[INFO] Waiting for SDCard to become available..
[INFO] Compiling Android Resources... This could take some time
[DEBUG] Android classes.dex built
[DEBUG] creating unsigned apk: /Users/pushjaw/Documents/Titanium_Studio_Workspace/AROMA ESPRESSO BAR/build/android/bin/app-unsigned.apk
[DEBUG] from resource zip => assets/Resources/images/nav/info.png
[DEBUG] from resource zip => assets/Resources/images/nav/info_active.png
[DEBUG] from resource zip => assets/Resources/images/nav/locations.png
[DEBUG] from resource zip => assets/Resources/images/nav/locations_active.png
[DEBUG] from resource zip => assets/Resources/images/nav/rewards.png
[DEBUG] from resource zip => assets/Resources/images/nav/rewards_active.png
[DEBUG] from resource zip => assets/Resources/images/nav/wall.png
[DEBUG] from resource zip => assets/Resources/images/nav/wall_active.png
[DEBUG] from resource zip => assets/Resources/images/nav_small/info.png
[DEBUG] from resource zip => assets/Resources/images/nav_small/locations.png
[DEBUG] from resource zip => assets/Resources/images/nav_small/rewards.png
[DEBUG] from resource zip => assets/Resources/images/nav_small/wall.png
[DEBUG] from resource zip => assets/Resources/images/KS_nav_ui.png
[DEBUG] from resource zip => assets/Resources/images/KS_nav_views.png
[DEBUG] from resource zip => assets/Resources/images/about_logo.png
[DEBUG] from resource zip => assets/Resources/images/activity_bottom.png
[DEBUG] from resource zip => assets/Resources/images/activity_help.png
[DEBUG] from resource zip => assets/Resources/images/activity_help_potrait.png
[DEBUG] from resource zip => assets/Resources/images/activity_mid.png
[DEBUG] from resource zip => assets/Resources/images/activity_top.png
[DEBUG] from resource zip => assets/Resources/images/arrow.png
[DEBUG] from resource zip => assets/Resources/images/arrow_2.png
[DEBUG] from resource zip => assets/Resources/images/back.png
[DEBUG] from resource zip => assets/Resources/images/camera-a.png
[DEBUG] from resource zip => assets/Resources/images/camera-a_potrait.png
[DEBUG] from resource zip => assets/Resources/images/camera-cancel.png
[DEBUG] from resource zip => assets/Resources/images/camera-cancel_potrait.png
[DEBUG] from resource zip => assets/Resources/images/camera-help.png
[DEBUG] from resource zip => assets/Resources/images/camera-help_potrait.png
[DEBUG] from resource zip => assets/Resources/images/camera-retake.png
[DEBUG] from resource zip => assets/Resources/images/camera-submit.png
[DEBUG] from resource zip => assets/Resources/images/camera_bar.png
[DEBUG] from resource zip => assets/Resources/images/cancel.png
[DEBUG] from resource zip => assets/Resources/images/claim_bg.png
[DEBUG] from resource zip => assets/Resources/images/comments.png
[DEBUG] from resource zip => assets/Resources/images/conf_bg.png
[DEBUG] from resource zip => assets/Resources/images/cost_lg.png
[DEBUG] from resource zip => assets/Resources/images/cost_sm.png
[DEBUG] from resource zip => assets/Resources/images/earn_points.png
[DEBUG] from resource zip => assets/Resources/images/earn_rewards_bar.png
[DEBUG] from resource zip => assets/Resources/images/example.png
[DEBUG] from resource zip => assets/Resources/images/fb_connect.png
[DEBUG] from resource zip => assets/Resources/images/formfield_1.png
[DEBUG] from resource zip => assets/Resources/images/formfield_2.png
[DEBUG] from resource zip => assets/Resources/images/formfield_bottom.png
[DEBUG] from resource zip => assets/Resources/images/formfield_middle.png
[DEBUG] from resource zip => assets/Resources/images/formfield_top.png
[DEBUG] from resource zip => assets/Resources/images/guide.png
[DEBUG] from resource zip => assets/Resources/images/guide_potrait.png
[DEBUG] from resource zip => assets/Resources/images/help.png
[DEBUG] from resource zip => assets/Resources/images/how_to.png
[DEBUG] from resource zip => assets/Resources/images/line.png
[DEBUG] from resource zip => assets/Resources/images/login.png
[DEBUG] from resource zip => assets/Resources/images/map_button.png
[DEBUG] from resource zip => assets/Resources/images/mark_as_used.png
[DEBUG] from resource zip => assets/Resources/images/phone_button.png
[DEBUG] from resource zip => assets/Resources/images/radial.png
[DEBUG] from resource zip => assets/Resources/images/radial_selected.png
[DEBUG] from resource zip => assets/Resources/images/reward_available.png
[DEBUG] from resource zip => assets/Resources/images/reward_unavailable.png
[DEBUG] from resource zip => assets/Resources/images/reward_used.png
[DEBUG] from resource zip => assets/Resources/images/rewards_counter.png
[DEBUG] from resource zip => assets/Resources/images/send.png
[DEBUG] from resource zip => assets/Resources/images/signup.png
[DEBUG] from resource zip => assets/Resources/images/submit_background.png
[DEBUG] from resource zip => assets/Resources/images/submit_button_progress.png
[DEBUG] from resource zip => assets/Resources/images/submit_photo.png
[DEBUG] from resource zip => assets/Resources/images/submitted.png
[DEBUG] from resource zip => assets/Resources/images/thumbs_down.png
[DEBUG] from resource zip => assets/Resources/images/thumbs_up.png
[DEBUG] from resource zip => assets/Resources/images/topbar.png
[DEBUG] from resource zip => assets/Resources/images/topbar_blank-a.png
[DEBUG] from resource zip => assets/Resources/images/topbar_blank.png
[DEBUG] from resource zip => assets/Resources/images/topbar_teks.jpg
[DEBUG] from resource zip => assets/Resources/images/topbar_teks_potrait.jpg
[DEBUG] from resource zip => assets/Resources/ui/common/APN.js
[DEBUG] from resource zip => assets/Resources/ui/common/About.js
[DEBUG] from resource zip => assets/Resources/ui/common/Activity.js
[DEBUG] from resource zip => assets/Resources/ui/common/ApplicationTabGroup.js
[DEBUG] from resource zip => assets/Resources/ui/common/Claim.js
[DEBUG] from resource zip => assets/Resources/ui/common/Confirmation.js
[DEBUG] from resource zip => assets/Resources/ui/common/ContactUs.js
[DEBUG] from resource zip => assets/Resources/ui/common/Faq.js
[DEBUG] from resource zip => assets/Resources/ui/common/GetLatestVersion.js
[DEBUG] from resource zip => assets/Resources/ui/common/GetPassword.js
[DEBUG] from resource zip => assets/Resources/ui/common/HTTPClient.js
[DEBUG] from resource zip => assets/Resources/ui/common/HowItWorks.js
[DEBUG] from resource zip => assets/Resources/ui/common/Info.js
[DEBUG] from resource zip => assets/Resources/ui/common/Locations.js
[DEBUG] from resource zip => assets/Resources/ui/common/LocationsDetail.js
[DEBUG] from resource zip => assets/Resources/ui/common/Login.js
[DEBUG] from resource zip => assets/Resources/ui/common/MyProfile.js
[DEBUG] from resource zip => assets/Resources/ui/common/MyRewards.js
[DEBUG] from resource zip => assets/Resources/ui/common/PhotoTips.js
[DEBUG] from resource zip => assets/Resources/ui/common/Progress.js
[DEBUG] from resource zip => assets/Resources/ui/common/PromoCode.js
[DEBUG] from resource zip => assets/Resources/ui/common/Signup.js
[DEBUG] from resource zip => assets/Resources/ui/common/Survey.js
[DEBUG] from resource zip => assets/Resources/ui/common/TakePhoto.js
[DEBUG] from resource zip => assets/Resources/ui/common/TakePhoto_ios.js
[DEBUG] from resource zip => assets/Resources/ui/common/Wall.js
[DEBUG] from resource zip => assets/Resources/ui/common/Window.js
[DEBUG] from resource zip => assets/Resources/ui/common/geolocation.js
[DEBUG] from resource zip => assets/Resources/ui/common/globalVariabel.js
[DEBUG] from resource zip => assets/Resources/ui/common/version.js
[DEBUG] from resource zip => assets/Resources/KS_nav_ui.png
[DEBUG] from resource zip => assets/Resources/KS_nav_views.png
[DEBUG] from resource zip => assets/Resources/app.js
[DEBUG] from resource zip => assets/Resources/appicon.png
[DEBUG] from resource zip => assets/Resources/default.png
[DEBUG] from resource zip => assets/app.json
[DEBUG] from resource zip => assets/index.json
[DEBUG] from resource zip => assets/tiapp.xml
[DEBUG] from resource zip => res/drawable/appicon.png
[DEBUG] from resource zip => res/drawable/background.png
[DEBUG] from resource zip => res/drawable/close.png
[DEBUG] from resource zip => res/drawable/facebook_login.png
[DEBUG] from resource zip => res/drawable/facebook_login_down.png
[DEBUG] from resource zip => res/drawable/facebook_login_wide.png
[DEBUG] from resource zip => res/drawable/facebook_login_wide_down.png
[DEBUG] from resource zip => res/drawable/facebook_logout.png
[DEBUG] from resource zip => res/drawable/facebook_logout_down.png
[DEBUG] from resource zip => res/layout/titanium_tabgroup.xml
[DEBUG] from resource zip => AndroidManifest.xml
[DEBUG] from resource zip => resources.arsc
[DEBUG] from resource zip => res/drawable-hdpi/close.png
[DEBUG] from resource zip => res/drawable-ldpi/close.png
[DEBUG] from resource zip => res/drawable-long-land-hdpi/background.png
[DEBUG] from resource zip => res/drawable-long-land-ldpi/background.png
[DEBUG] from resource zip => res/drawable-long-port-hdpi/background.png
[DEBUG] from resource zip => res/drawable-long-port-ldpi/background.png
[DEBUG] from resource zip => res/drawable-notlong-land-hdpi/background.png
[DEBUG] from resource zip => res/drawable-notlong-land-ldpi/background.png
[DEBUG] from resource zip => res/drawable-notlong-land-mdpi/background.png
[DEBUG] from resource zip => res/drawable-notlong-port-hdpi/background.png
[DEBUG] from resource zip => res/drawable-notlong-port-ldpi/background.png
[DEBUG] from resource zip => res/drawable-notlong-port-mdpi/background.png
[DEBUG] from JAR /Users/pushjaw/Library/Application Support/Titanium/mobilesdk/osx/2.1.4.GA/android/modules/titanium-ui.jar => ti/modules/titanium/ui/widget/webview/binding.js
[DEBUG] from JAR /Users/pushjaw/Library/Application Support/Titanium/mobilesdk/osx/2.1.4.GA/android/modules/titanium-ui.jar => ti/modules/titanium/ui/widget/webview/binding.min.js
[DEBUG] from JAR /Users/pushjaw/Library/Application Support/Titanium/mobilesdk/osx/2.1.4.GA/android/modules/titanium-ui.jar => ti/modules/titanium/ui/widget/webview/json2.js
[DEBUG] from JAR /Users/pushjaw/Library/Application Support/Titanium/mobilesdk/osx/2.1.4.GA/android/modules/titanium-ui.jar => ti/modules/titanium/ui/widget/webview/polling.js
[DEBUG] from JAR /Users/pushjaw/Library/Application Support/Titanium/mobilesdk/osx/2.1.4.GA/android/modules/titanium-ui.jar => ti/modules/titanium/ui/widget/webview/polling.min.js
[DEBUG] from JAR /Users/pushjaw/Library/Application Support/Titanium/mobilesdk/osx/2.1.4.GA/android/titanium.jar => org/appcelerator/titanium/build.properties
[DEBUG] from JAR /Users/pushjaw/Library/Application Support/Titanium/mobilesdk/osx/2.1.4.GA/android/titanium.jar => org/appcelerator/titanium/res/drawable/background.png
[DEBUG] from JAR /Users/pushjaw/Library/Application Support/Titanium/mobilesdk/osx/2.1.4.GA/android/titanium.jar => org/appcelerator/titanium/res/drawable/btn_check_buttonless_on.png
[DEBUG] from JAR /Users/pushjaw/Library/Application Support/Titanium/mobilesdk/osx/2.1.4.GA/android/titanium.jar => org/appcelerator/titanium/res/drawable/btn_check_buttonless_on_18.png
[DEBUG] from JAR /Users/pushjaw/Library/Application Support/Titanium/mobilesdk/osx/2.1.4.GA/android/titanium.jar => org/appcelerator/titanium/res/drawable/btn_check_buttonless_on_48.png
[DEBUG] from JAR /Users/pushjaw/Library/Application Support/Titanium/mobilesdk/osx/2.1.4.GA/android/titanium.jar => org/appcelerator/titanium/res/drawable/btn_more.png
[DEBUG] from JAR /Users/pushjaw/Library/Application Support/Titanium/mobilesdk/osx/2.1.4.GA/android/titanium.jar => org/appcelerator/titanium/res/drawable/btn_more_18.png
[DEBUG] from JAR /Users/pushjaw/Library/Application Support/Titanium/mobilesdk/osx/2.1.4.GA/android/titanium.jar => org/appcelerator/titanium/res/drawable/btn_more_48.png
[DEBUG] from JAR /Users/pushjaw/Library/Application Support/Titanium/mobilesdk/osx/2.1.4.GA/android/titanium.jar => org/appcelerator/titanium/res/drawable/btn_picker_normal.9.png
[DEBUG] from JAR /Users/pushjaw/Library/Application Support/Titanium/mobilesdk/osx/2.1.4.GA/android/titanium.jar => org/appcelerator/titanium/res/drawable/btn_picker_pressed.9.png
[DEBUG] from JAR /Users/pushjaw/Library/Application Support/Titanium/mobilesdk/osx/2.1.4.GA/android/titanium.jar => org/appcelerator/titanium/res/drawable/btn_picker_selected.9.png
[DEBUG] from JAR /Users/pushjaw/Library/Application Support/Titanium/mobilesdk/osx/2.1.4.GA/android/titanium.jar => org/appcelerator/titanium/res/drawable/default_icon.png
[DEBUG] from JAR /Users/pushjaw/Library/Application Support/Titanium/mobilesdk/osx/2.1.4.GA/android/titanium.jar => org/appcelerator/titanium/res/drawable/photoDefault.png
[DEBUG] from JAR /Users/pushjaw/Library/Application Support/Titanium/mobilesdk/osx/2.1.4.GA/android/thirdparty.jar => org/apache/Commons-NOTICE.txt
[DEBUG] from JAR /Users/pushjaw/Library/Application Support/Titanium/mobilesdk/osx/2.1.4.GA/android/thirdparty.jar => org/apache/HttpComponents-NOTICE.txt
[DEBUG] from JAR /Users/pushjaw/Library/Application Support/Titanium/mobilesdk/osx/2.1.4.GA/android/thirdparty.jar => org/apache/mime4j-NOTICE.txt
[DEBUG] from JAR /Users/pushjaw/Library/Application Support/Titanium/mobilesdk/osx/2.1.4.GA/android/modules/titanium-facebook.jar => ti/modules/titanium/facebook/LICENSE
[DEBUG] installing native lib: /Users/pushjaw/Documents/Titanium_Studio_Workspace/AROMA ESPRESSO BAR/modules/android/com.pushjaw.googlecloudmessaging/0.3/libs/armeabi/libcom.pushjaw.googlecloudmessaging.so
[DEBUG] installing native lib: /Users/pushjaw/Documents/Titanium_Studio_Workspace/AROMA ESPRESSO BAR/modules/android/com.pushjaw.googlecloudmessaging/0.3/libs/armeabi-v7a/libcom.pushjaw.googlecloudmessaging.so
[DEBUG] installing native lib: /Users/pushjaw/Documents/Titanium_Studio_Workspace/AROMA ESPRESSO BAR/modules/android/com.pushjaw.googlecloudmessaging/0.3/libs/x86/libcom.pushjaw.googlecloudmessaging.so
[DEBUG] installing native lib: /Users/pushjaw/Library/Application Support/Titanium/modules/android/com.relevant.cameraandroid/1.0/libs/armeabi/libcom.relevant.cameraandroid.so
[DEBUG] installing native lib: /Users/pushjaw/Library/Application Support/Titanium/modules/android/com.relevant.cameraandroid/1.0/libs/armeabi-v7a/libcom.relevant.cameraandroid.so
[DEBUG] installing native lib: /Users/pushjaw/Library/Application Support/Titanium/modules/android/com.relevant.cameraandroid/1.0/libs/x86/libcom.relevant.cameraandroid.so
[DEBUG] installing native SDK libs
[DEBUG] Waiting for device to be ready ...
[TRACE] adb devices returned 1 devices/emulators
[DEBUG] Device connected... (waited 0 seconds)
[DEBUG] waited 0.020699 seconds on emulator to get ready
[INFO] Installing application on emulator
[INFO] Launching application ... AROMA ESPRESSO BAR
[TRACE] Launch output: Starting: Intent { act=android.intent.action.MAIN cat=[android.intent.category.LAUNCHER] flg=0x10200000 cmp=com.pushjaw.aroma/.AromaEspressoBarActivity }

[INFO] Deployed AROMA ESPRESSO BAR ... Application should be running.
[INFO] Android Emulator has exited
